Determining if the function sysctlbyname exists failed with the following output:
Change Dir: /home/anticap/Working-dev/icewm-1.3.12+mod+20170325.1/builddir-lite/CMakeFiles/CMakeTmp

Run Build Command:"/usr/bin/make" "cmTC_7a87b/fast"
make[3]: Entering directory '/home/anticap/Working-dev/icewm-1.3.12+mod+20170325.1/builddir-lite/CMakeFiles/CMakeTmp'
/usr/bin/make -f CMakeFiles/cmTC_7a87b.dir/build.make CMakeFiles/cmTC_7a87b.dir/build
make[4]: Entering directory '/home/anticap/Working-dev/icewm-1.3.12+mod+20170325.1/builddir-lite/CMakeFiles/CMakeTmp'
Building C object CMakeFiles/cmTC_7a87b.dir/CheckFunctionExists.c.o
/usr/bin/cc    -g -O2 -fdebug-prefix-map=/home/anticap/Working-dev/icewm-1.3.12+mod+20170325.1=. -fstack-protector-strong -Wformat -Werror=format-security -DCHECK_FUNCTION_EXISTS=sysctlbyname -pthread -Wall -Wextra -Wno-unused-parameter -D_FILE_OFFSET_BITS=64 -D_GNU_SOURCE -I.   -o CMakeFiles/cmTC_7a87b.dir/CheckFunctionExists.c.o   -c /usr/share/cmake-3.7/Modules/CheckFunctionExists.c
Linking C executable cmTC_7a87b
/usr/bin/cmake -E cmake_link_script CMakeFiles/cmTC_7a87b.dir/link.txt --verbose=1
/usr/bin/cc  -g -O2 -fdebug-prefix-map=/home/anticap/Working-dev/icewm-1.3.12+mod+20170325.1=. -fstack-protector-strong -Wformat -Werror=format-security -DCHECK_FUNCTION_EXISTS=sysctlbyname -pthread -Wall -Wextra -Wno-unused-parameter -D_FILE_OFFSET_BITS=64 -D_GNU_SOURCE -I.  -Wl,-z,relro -Wl,-z,now  CMakeFiles/cmTC_7a87b.dir/CheckFunctionExists.c.o  -o cmTC_7a87b -rdynamic 
CMakeFiles/cmTC_7a87b.dir/CheckFunctionExists.c.o: In function `main':
/usr/share/cmake-3.7/Modules/CheckFunctionExists.c:17: undefined reference to `sysctlbyname'
collect2: error: ld returned 1 exit status
CMakeFiles/cmTC_7a87b.dir/build.make:97: recipe for target 'cmTC_7a87b' failed
make[4]: *** [cmTC_7a87b] Error 1
make[4]: Leaving directory '/home/anticap/Working-dev/icewm-1.3.12+mod+20170325.1/builddir-lite/CMakeFiles/CMakeTmp'
Makefile:126: recipe for target 'cmTC_7a87b/fast' failed
make[3]: *** [cmTC_7a87b/fast] Error 2
make[3]: Leaving directory '/home/anticap/Working-dev/icewm-1.3.12+mod+20170325.1/builddir-lite/CMakeFiles/CMakeTmp'


Determining if the include file sys/dkstat.h exists failed with the following output:
Change Dir: /home/anticap/Working-dev/icewm-1.3.12+mod+20170325.1/builddir-lite/CMakeFiles/CMakeTmp

Run Build Command:"/usr/bin/make" "cmTC_e6452/fast"
make[3]: Entering directory '/home/anticap/Working-dev/icewm-1.3.12+mod+20170325.1/builddir-lite/CMakeFiles/CMakeTmp'
/usr/bin/make -f CMakeFiles/cmTC_e6452.dir/build.make CMakeFiles/cmTC_e6452.dir/build
make[4]: Entering directory '/home/anticap/Working-dev/icewm-1.3.12+mod+20170325.1/builddir-lite/CMakeFiles/CMakeTmp'
Building CXX object CMakeFiles/cmTC_e6452.dir/CheckIncludeFile.cxx.o
/usr/bin/c++     -g -O2 -fdebug-prefix-map=/home/anticap/Working-dev/icewm-1.3.12+mod+20170325.1=. -fstack-protector-strong -Wformat -Werror=format-security -Wdate-time -D_FORTIFY_SOURCE=2 -DXTERMCMD=x-terminal-emulator -Wall -Wextra -DUSE_SIGNALFD -pthread -Wall -Wextra -Wno-unused-parameter -D_FILE_OFFSET_BITS=64 -D_GNU_SOURCE -I.   -o CMakeFiles/cmTC_e6452.dir/CheckIncludeFile.cxx.o -c /home/anticap/Working-dev/icewm-1.3.12+mod+20170325.1/builddir-lite/CMakeFiles/CMakeTmp/CheckIncludeFile.cxx
/home/anticap/Working-dev/icewm-1.3.12+mod+20170325.1/builddir-lite/CMakeFiles/CMakeTmp/CheckIncludeFile.cxx:1:24: fatal error: sys/dkstat.h: No such file or directory
 #include <sys/dkstat.h>
                        ^
compilation terminated.
CMakeFiles/cmTC_e6452.dir/build.make:65: recipe for target 'CMakeFiles/cmTC_e6452.dir/CheckIncludeFile.cxx.o' failed
make[4]: *** [CMakeFiles/cmTC_e6452.dir/CheckIncludeFile.cxx.o] Error 1
make[4]: Leaving directory '/home/anticap/Working-dev/icewm-1.3.12+mod+20170325.1/builddir-lite/CMakeFiles/CMakeTmp'
Makefile:126: recipe for target 'cmTC_e6452/fast' failed
make[3]: *** [cmTC_e6452/fast] Error 2
make[3]: Leaving directory '/home/anticap/Working-dev/icewm-1.3.12+mod+20170325.1/builddir-lite/CMakeFiles/CMakeTmp'


Determining if the include file uvm/uvm_param.h exists failed with the following output:
Change Dir: /home/anticap/Working-dev/icewm-1.3.12+mod+20170325.1/builddir-lite/CMakeFiles/CMakeTmp

Run Build Command:"/usr/bin/make" "cmTC_b020e/fast"
make[3]: Entering directory '/home/anticap/Working-dev/icewm-1.3.12+mod+20170325.1/builddir-lite/CMakeFiles/CMakeTmp'
/usr/bin/make -f CMakeFiles/cmTC_b020e.dir/build.make CMakeFiles/cmTC_b020e.dir/build
make[4]: Entering directory '/home/anticap/Working-dev/icewm-1.3.12+mod+20170325.1/builddir-lite/CMakeFiles/CMakeTmp'
Building CXX object CMakeFiles/cmTC_b020e.dir/CheckIncludeFile.cxx.o
/usr/bin/c++     -g -O2 -fdebug-prefix-map=/home/anticap/Working-dev/icewm-1.3.12+mod+20170325.1=. -fstack-protector-strong -Wformat -Werror=format-security -Wdate-time -D_FORTIFY_SOURCE=2 -DXTERMCMD=x-terminal-emulator -Wall -Wextra -DUSE_SIGNALFD -pthread -Wall -Wextra -Wno-unused-parameter -D_FILE_OFFSET_BITS=64 -D_GNU_SOURCE -I.   -o CMakeFiles/cmTC_b020e.dir/CheckIncludeFile.cxx.o -c /home/anticap/Working-dev/icewm-1.3.12+mod+20170325.1/builddir-lite/CMakeFiles/CMakeTmp/CheckIncludeFile.cxx
/home/anticap/Working-dev/icewm-1.3.12+mod+20170325.1/builddir-lite/CMakeFiles/CMakeTmp/CheckIncludeFile.cxx:1:27: fatal error: uvm/uvm_param.h: No such file or directory
 #include <uvm/uvm_param.h>
                           ^
compilation terminated.
CMakeFiles/cmTC_b020e.dir/build.make:65: recipe for target 'CMakeFiles/cmTC_b020e.dir/CheckIncludeFile.cxx.o' failed
make[4]: *** [CMakeFiles/cmTC_b020e.dir/CheckIncludeFile.cxx.o] Error 1
make[4]: Leaving directory '/home/anticap/Working-dev/icewm-1.3.12+mod+20170325.1/builddir-lite/CMakeFiles/CMakeTmp'
Makefile:126: recipe for target 'cmTC_b020e/fast' failed
make[3]: *** [cmTC_b020e/fast] Error 2
make[3]: Leaving directory '/home/anticap/Working-dev/icewm-1.3.12+mod+20170325.1/builddir-lite/CMakeFiles/CMakeTmp'


Determining if the include file machine/apmvar.h exists failed with the following output:
Change Dir: /home/anticap/Working-dev/icewm-1.3.12+mod+20170325.1/builddir-lite/CMakeFiles/CMakeTmp

Run Build Command:"/usr/bin/make" "cmTC_73e67/fast"
make[3]: Entering directory '/home/anticap/Working-dev/icewm-1.3.12+mod+20170325.1/builddir-lite/CMakeFiles/CMakeTmp'
/usr/bin/make -f CMakeFiles/cmTC_73e67.dir/build.make CMakeFiles/cmTC_73e67.dir/build
make[4]: Entering directory '/home/anticap/Working-dev/icewm-1.3.12+mod+20170325.1/builddir-lite/CMakeFiles/CMakeTmp'
Building CXX object CMakeFiles/cmTC_73e67.dir/CheckIncludeFile.cxx.o
/usr/bin/c++     -g -O2 -fdebug-prefix-map=/home/anticap/Working-dev/icewm-1.3.12+mod+20170325.1=. -fstack-protector-strong -Wformat -Werror=format-security -Wdate-time -D_FORTIFY_SOURCE=2 -DXTERMCMD=x-terminal-emulator -Wall -Wextra -DUSE_SIGNALFD -pthread -Wall -Wextra -Wno-unused-parameter -D_FILE_OFFSET_BITS=64 -D_GNU_SOURCE -I.   -o CMakeFiles/cmTC_73e67.dir/CheckIncludeFile.cxx.o -c /home/anticap/Working-dev/icewm-1.3.12+mod+20170325.1/builddir-lite/CMakeFiles/CMakeTmp/CheckIncludeFile.cxx
/home/anticap/Working-dev/icewm-1.3.12+mod+20170325.1/builddir-lite/CMakeFiles/CMakeTmp/CheckIncludeFile.cxx:1:28: fatal error: machine/apmvar.h: No such file or directory
 #include <machine/apmvar.h>
                            ^
compilation terminated.
CMakeFiles/cmTC_73e67.dir/build.make:65: recipe for target 'CMakeFiles/cmTC_73e67.dir/CheckIncludeFile.cxx.o' failed
make[4]: *** [CMakeFiles/cmTC_73e67.dir/CheckIncludeFile.cxx.o] Error 1
make[4]: Leaving directory '/home/anticap/Working-dev/icewm-1.3.12+mod+20170325.1/builddir-lite/CMakeFiles/CMakeTmp'
Makefile:126: recipe for target 'cmTC_73e67/fast' failed
make[3]: *** [cmTC_73e67/fast] Error 2
make[3]: Leaving directory '/home/anticap/Working-dev/icewm-1.3.12+mod+20170325.1/builddir-lite/CMakeFiles/CMakeTmp'


Determining if the include file machine/apm_bios.h exists failed with the following output:
Change Dir: /home/anticap/Working-dev/icewm-1.3.12+mod+20170325.1/builddir-lite/CMakeFiles/CMakeTmp

Run Build Command:"/usr/bin/make" "cmTC_6230d/fast"
make[3]: Entering directory '/home/anticap/Working-dev/icewm-1.3.12+mod+20170325.1/builddir-lite/CMakeFiles/CMakeTmp'
/usr/bin/make -f CMakeFiles/cmTC_6230d.dir/build.make CMakeFiles/cmTC_6230d.dir/build
make[4]: Entering directory '/home/anticap/Working-dev/icewm-1.3.12+mod+20170325.1/builddir-lite/CMakeFiles/CMakeTmp'
Building CXX object CMakeFiles/cmTC_6230d.dir/CheckIncludeFile.cxx.o
/usr/bin/c++     -g -O2 -fdebug-prefix-map=/home/anticap/Working-dev/icewm-1.3.12+mod+20170325.1=. -fstack-protector-strong -Wformat -Werror=format-security -Wdate-time -D_FORTIFY_SOURCE=2 -DXTERMCMD=x-terminal-emulator -Wall -Wextra -DUSE_SIGNALFD -pthread -Wall -Wextra -Wno-unused-parameter -D_FILE_OFFSET_BITS=64 -D_GNU_SOURCE -I.   -o CMakeFiles/cmTC_6230d.dir/CheckIncludeFile.cxx.o -c /home/anticap/Working-dev/icewm-1.3.12+mod+20170325.1/builddir-lite/CMakeFiles/CMakeTmp/CheckIncludeFile.cxx
/home/anticap/Working-dev/icewm-1.3.12+mod+20170325.1/builddir-lite/CMakeFiles/CMakeTmp/CheckIncludeFile.cxx:1:30: fatal error: machine/apm_bios.h: No such file or directory
 #include <machine/apm_bios.h>
                              ^
compilation terminated.
CMakeFiles/cmTC_6230d.dir/build.make:65: recipe for target 'CMakeFiles/cmTC_6230d.dir/CheckIncludeFile.cxx.o' failed
make[4]: *** [CMakeFiles/cmTC_6230d.dir/CheckIncludeFile.cxx.o] Error 1
make[4]: Leaving directory '/home/anticap/Working-dev/icewm-1.3.12+mod+20170325.1/builddir-lite/CMakeFiles/CMakeTmp'
Makefile:126: recipe for target 'cmTC_6230d/fast' failed
make[3]: *** [cmTC_6230d/fast] Error 2
make[3]: Leaving directory '/home/anticap/Working-dev/icewm-1.3.12+mod+20170325.1/builddir-lite/CMakeFiles/CMakeTmp'


Performing C++ SOURCE FILE Test USE_FALLTHROUGH_WARNING failed with the following output:
Change Dir: /home/anticap/Working-dev/icewm-1.3.12+mod+20170325.1/builddir-lite/CMakeFiles/CMakeTmp

Run Build Command:"/usr/bin/make" "cmTC_45343/fast"
make[3]: Entering directory '/home/anticap/Working-dev/icewm-1.3.12+mod+20170325.1/builddir-lite/CMakeFiles/CMakeTmp'
/usr/bin/make -f CMakeFiles/cmTC_45343.dir/build.make CMakeFiles/cmTC_45343.dir/build
make[4]: Entering directory '/home/anticap/Working-dev/icewm-1.3.12+mod+20170325.1/builddir-lite/CMakeFiles/CMakeTmp'
Building CXX object CMakeFiles/cmTC_45343.dir/src.cxx.o
/usr/bin/c++     -g -O2 -fdebug-prefix-map=/home/anticap/Working-dev/icewm-1.3.12+mod+20170325.1=. -fstack-protector-strong -Wformat -Werror=format-security -Wdate-time -D_FORTIFY_SOURCE=2 -DXTERMCMD=x-terminal-emulator -Wall -Wextra -DUSE_SIGNALFD -DUSE_FALLTHROUGH_WARNING -pthread -Wall -Wextra -Wno-unused-parameter -D_FILE_OFFSET_BITS=64 -D_GNU_SOURCE -I. -Wimplicit-fallthrough=2   -o CMakeFiles/cmTC_45343.dir/src.cxx.o -c /home/anticap/Working-dev/icewm-1.3.12+mod+20170325.1/builddir-lite/CMakeFiles/CMakeTmp/src.cxx
c++: error: unrecognized command line option ‘-Wimplicit-fallthrough=2’; did you mean ‘-Wno-fallthrough’?
CMakeFiles/cmTC_45343.dir/build.make:65: recipe for target 'CMakeFiles/cmTC_45343.dir/src.cxx.o' failed
make[4]: *** [CMakeFiles/cmTC_45343.dir/src.cxx.o] Error 1
make[4]: Leaving directory '/home/anticap/Working-dev/icewm-1.3.12+mod+20170325.1/builddir-lite/CMakeFiles/CMakeTmp'
Makefile:126: recipe for target 'cmTC_45343/fast' failed
make[3]: *** [cmTC_45343/fast] Error 2
make[3]: Leaving directory '/home/anticap/Working-dev/icewm-1.3.12+mod+20170325.1/builddir-lite/CMakeFiles/CMakeTmp'

Source file was:
int main() {return 0;}
